{"total": {"lines":{"total":188,"covered":72,"skipped":0,"pct":38.29},"statements":{"total":207,"covered":79,"skipped":0,"pct":38.16},"functions":{"total":40,"covered":17,"skipped":0,"pct":42.5},"branches":{"total":124,"covered":54,"skipped":0,"pct":43.54},"branchesTrue":{"total":0,"covered":0,"skipped":0,"pct":"Unknown"}}
,"/home/ezedikeevan/Desktop/blockchain/quay/packages/offramp/src/kyc.ts": {"lines":{"total":26,"covered":3,"skipped":0,"pct":11.53},"functions":{"total":9,"covered":3,"skipped":0,"pct":33.33},"statements":{"total":29,"covered":5,"skipped":0,"pct":17.24},"branches":{"total":12,"covered":4,"skipped":0,"pct":33.33}}
,"/home/ezedikeevan/Desktop/blockchain/quay/packages/offramp/src/mock-anchor.ts": {"lines":{"total":36,"covered":34,"skipped":0,"pct":94.44},"functions":{"total":7,"covered":5,"skipped":0,"pct":71.42},"statements":{"total":40,"covered":36,"skipped":0,"pct":90},"branches":{"total":24,"covered":23,"skipped":0,"pct":95.83}}
,"/home/ezedikeevan/Desktop/blockchain/quay/packages/offramp/src/sep10.ts": {"lines":{"total":31,"covered":3,"skipped":0,"pct":9.67},"functions":{"total":5,"covered":1,"skipped":0,"pct":20},"statements":{"total":33,"covered":3,"skipped":0,"pct":9.09},"branches":{"total":14,"covered":0,"skipped":0,"pct":0}}
,"/home/ezedikeevan/Desktop/blockchain/quay/packages/offramp/src/sep12.ts": {"lines":{"total":21,"covered":19,"skipped":0,"pct":90.47},"functions":{"total":5,"covered":5,"skipped":0,"pct":100},"statements":{"total":23,"covered":21,"skipped":0,"pct":91.3},"branches":{"total":25,"covered":21,"skipped":0,"pct":84}}
,"/home/ezedikeevan/Desktop/blockchain/quay/packages/offramp/src/sep38.ts": {"lines":{"total":20,"covered":0,"skipped":0,"pct":0},"functions":{"total":5,"covered":0,"skipped":0,"pct":0},"statements":{"total":21,"covered":0,"skipped":0,"pct":0},"branches":{"total":14,"covered":0,"skipped":0,"pct":0}}
,"/home/ezedikeevan/Desktop/blockchain/quay/packages/offramp/src/sep6.ts": {"lines":{"total":19,"covered":0,"skipped":0,"pct":0},"functions":{"total":2,"covered":0,"skipped":0,"pct":0},"statements":{"total":21,"covered":0,"skipped":0,"pct":0},"branches":{"total":8,"covered":0,"skipped":0,"pct":0}}
,"/home/ezedikeevan/Desktop/blockchain/quay/packages/offramp/src/testanchor.ts": {"lines":{"total":35,"covered":13,"skipped":0,"pct":37.14},"functions":{"total":7,"covered":3,"skipped":0,"pct":42.85},"statements":{"total":40,"covered":14,"skipped":0,"pct":35},"branches":{"total":27,"covered":6,"skipped":0,"pct":22.22}}
}
