{"total": {"lines":{"total":74,"covered":70,"skipped":0,"pct":94.59},"statements":{"total":81,"covered":76,"skipped":0,"pct":93.82},"functions":{"total":14,"covered":14,"skipped":0,"pct":100},"branches":{"total":72,"covered":69,"skipped":0,"pct":95.83},"branchesTrue":{"total":0,"covered":0,"skipped":0,"pct":100}}
,"/home/ezedikeevan/Desktop/blockchain/quay/packages/core/src/schemas.ts": {"lines":{"total":4,"covered":0,"skipped":0,"pct":0},"functions":{"total":0,"covered":0,"skipped":0,"pct":100},"statements":{"total":4,"covered":0,"skipped":0,"pct":0},"branches":{"total":0,"covered":0,"skipped":0,"pct":100}}
,"/home/ezedikeevan/Desktop/blockchain/quay/packages/core/src/domain/money.ts": {"lines":{"total":17,"covered":17,"skipped":0,"pct":100},"functions":{"total":4,"covered":4,"skipped":0,"pct":100},"statements":{"total":18,"covered":18,"skipped":0,"pct":100},"branches":{"total":12,"covered":11,"skipped":0,"pct":91.66}}
,"/home/ezedikeevan/Desktop/blockchain/quay/packages/core/src/domain/payment-link.ts": {"lines":{"total":5,"covered":5,"skipped":0,"pct":100},"functions":{"total":2,"covered":2,"skipped":0,"pct":100},"statements":{"total":5,"covered":5,"skipped":0,"pct":100},"branches":{"total":9,"covered":8,"skipped":0,"pct":88.88}}
,"/home/ezedikeevan/Desktop/blockchain/quay/packages/core/src/domain/status.ts": {"lines":{"total":6,"covered":6,"skipped":0,"pct":100},"functions":{"total":3,"covered":3,"skipped":0,"pct":100},"statements":{"total":6,"covered":6,"skipped":0,"pct":100},"branches":{"total":2,"covered":2,"skipped":0,"pct":100}}
,"/home/ezedikeevan/Desktop/blockchain/quay/packages/core/src/matching/match-payment.ts": {"lines":{"total":18,"covered":18,"skipped":0,"pct":100},"functions":{"total":3,"covered":3,"skipped":0,"pct":100},"statements":{"total":21,"covered":20,"skipped":0,"pct":95.23},"branches":{"total":20,"covered":19,"skipped":0,"pct":95}}
,"/home/ezedikeevan/Desktop/blockchain/quay/packages/core/src/sep7/build-uri.ts": {"lines":{"total":24,"covered":24,"skipped":0,"pct":100},"functions":{"total":2,"covered":2,"skipped":0,"pct":100},"statements":{"total":27,"covered":27,"skipped":0,"pct":100},"branches":{"total":29,"covered":29,"skipped":0,"pct":100}}
}
