{"total": {"lines":{"total":1208,"covered":856,"skipped":0,"pct":70.86},"statements":{"total":1329,"covered":911,"skipped":0,"pct":68.54},"functions":{"total":258,"covered":170,"skipped":0,"pct":65.89},"branches":{"total":695,"covered":435,"skipped":0,"pct":62.58},"branchesTrue":{"total":0,"covered":0,"skipped":0,"pct":100}}
,"/home/ezedikeevan/Desktop/blockchain/quay/apps/api/src/env.ts": {"lines":{"total":34,"covered":29,"skipped":0,"pct":85.29},"functions":{"total":3,"covered":3,"skipped":0,"pct":100},"statements":{"total":39,"covered":32,"skipped":0,"pct":82.05},"branches":{"total":121,"covered":91,"skipped":0,"pct":75.2}}
,"/home/ezedikeevan/Desktop/blockchain/quay/apps/api/src/index.ts": {"lines":{"total":39,"covered":0,"skipped":0,"pct":0},"functions":{"total":8,"covered":0,"skipped":0,"pct":0},"statements":{"total":40,"covered":0,"skipped":0,"pct":0},"branches":{"total":2,"covered":0,"skipped":0,"pct":0}}
,"/home/ezedikeevan/Desktop/blockchain/quay/apps/api/src/metrics.ts": {"lines":{"total":95,"covered":92,"skipped":0,"pct":96.84},"functions":{"total":26,"covered":23,"skipped":0,"pct":88.46},"statements":{"total":108,"covered":102,"skipped":0,"pct":94.44},"branches":{"total":42,"covered":36,"skipped":0,"pct":85.71}}
,"/home/ezedikeevan/Desktop/blockchain/quay/apps/api/src/crypto/pii.ts": {"lines":{"total":18,"covered":14,"skipped":0,"pct":77.77},"functions":{"total":3,"covered":2,"skipped":0,"pct":66.66},"statements":{"total":18,"covered":14,"skipped":0,"pct":77.77},"branches":{"total":2,"covered":0,"skipped":0,"pct":0}}
,"/home/ezedikeevan/Desktop/blockchain/quay/apps/api/src/db/client.ts": {"lines":{"total":13,"covered":13,"skipped":0,"pct":100},"functions":{"total":2,"covered":2,"skipped":0,"pct":100},"statements":{"total":14,"covered":13,"skipped":0,"pct":92.85},"branches":{"total":4,"covered":2,"skipped":0,"pct":50}}
,"/home/ezedikeevan/Desktop/blockchain/quay/apps/api/src/middleware/auth.ts": {"lines":{"total":19,"covered":19,"skipped":0,"pct":100},"functions":{"total":2,"covered":2,"skipped":0,"pct":100},"statements":{"total":19,"covered":19,"skipped":0,"pct":100},"branches":{"total":8,"covered":8,"skipped":0,"pct":100}}
,"/home/ezedikeevan/Desktop/blockchain/quay/apps/api/src/middleware/idempotency.ts": {"lines":{"total":35,"covered":34,"skipped":0,"pct":97.14},"functions":{"total":4,"covered":4,"skipped":0,"pct":100},"statements":{"total":39,"covered":36,"skipped":0,"pct":92.3},"branches":{"total":16,"covered":12,"skipped":0,"pct":75}}
,"/home/ezedikeevan/Desktop/blockchain/quay/apps/api/src/middleware/rate-limit.ts": {"lines":{"total":36,"covered":35,"skipped":0,"pct":97.22},"functions":{"total":6,"covered":5,"skipped":0,"pct":83.33},"statements":{"total":43,"covered":38,"skipped":0,"pct":88.37},"branches":{"total":28,"covered":22,"skipped":0,"pct":78.57}}
,"/home/ezedikeevan/Desktop/blockchain/quay/apps/api/src/middleware/redis-store.ts": {"lines":{"total":11,"covered":0,"skipped":0,"pct":0},"functions":{"total":4,"covered":0,"skipped":0,"pct":0},"statements":{"total":13,"covered":0,"skipped":0,"pct":0},"branches":{"total":4,"covered":0,"skipped":0,"pct":0}}
,"/home/ezedikeevan/Desktop/blockchain/quay/apps/api/src/repos/index.ts": {"lines":{"total":79,"covered":63,"skipped":0,"pct":79.74},"functions":{"total":47,"covered":37,"skipped":0,"pct":78.72},"statements":{"total":84,"covered":65,"skipped":0,"pct":77.38},"branches":{"total":60,"covered":41,"skipped":0,"pct":68.33}}
,"/home/ezedikeevan/Desktop/blockchain/quay/apps/api/src/routes/auth.ts": {"lines":{"total":29,"covered":0,"skipped":0,"pct":0},"functions":{"total":5,"covered":0,"skipped":0,"pct":0},"statements":{"total":33,"covered":0,"skipped":0,"pct":0},"branches":{"total":10,"covered":0,"skipped":0,"pct":0}}
,"/home/ezedikeevan/Desktop/blockchain/quay/apps/api/src/routes/kyc.ts": {"lines":{"total":21,"covered":0,"skipped":0,"pct":0},"functions":{"total":5,"covered":0,"skipped":0,"pct":0},"statements":{"total":22,"covered":0,"skipped":0,"pct":0},"branches":{"total":4,"covered":0,"skipped":0,"pct":0}}
,"/home/ezedikeevan/Desktop/blockchain/quay/apps/api/src/routes/links.ts": {"lines":{"total":79,"covered":40,"skipped":0,"pct":50.63},"functions":{"total":13,"covered":7,"skipped":0,"pct":53.84},"statements":{"total":94,"covered":45,"skipped":0,"pct":47.87},"branches":{"total":48,"covered":13,"skipped":0,"pct":27.08}}
,"/home/ezedikeevan/Desktop/blockchain/quay/apps/api/src/routes/metrics.ts": {"lines":{"total":14,"covered":14,"skipped":0,"pct":100},"functions":{"total":2,"covered":2,"skipped":0,"pct":100},"statements":{"total":15,"covered":15,"skipped":0,"pct":100},"branches":{"total":4,"covered":4,"skipped":0,"pct":100}}
,"/home/ezedikeevan/Desktop/blockchain/quay/apps/api/src/routes/public.ts": {"lines":{"total":9,"covered":0,"skipped":0,"pct":0},"functions":{"total":2,"covered":0,"skipped":0,"pct":0},"statements":{"total":10,"covered":0,"skipped":0,"pct":0},"branches":{"total":4,"covered":0,"skipped":0,"pct":0}}
,"/home/ezedikeevan/Desktop/blockchain/quay/apps/api/src/routes/webhooks.ts": {"lines":{"total":18,"covered":18,"skipped":0,"pct":100},"functions":{"total":4,"covered":4,"skipped":0,"pct":100},"statements":{"total":19,"covered":19,"skipped":0,"pct":100},"branches":{"total":2,"covered":2,"skipped":0,"pct":100}}
,"/home/ezedikeevan/Desktop/blockchain/quay/apps/api/src/routes/well-known.ts": {"lines":{"total":9,"covered":3,"skipped":0,"pct":33.33},"functions":{"total":3,"covered":1,"skipped":0,"pct":33.33},"statements":{"total":9,"covered":3,"skipped":0,"pct":33.33},"branches":{"total":2,"covered":1,"skipped":0,"pct":50}}
,"/home/ezedikeevan/Desktop/blockchain/quay/apps/api/src/services/challenge.ts": {"lines":{"total":27,"covered":26,"skipped":0,"pct":96.29},"functions":{"total":6,"covered":6,"skipped":0,"pct":100},"statements":{"total":28,"covered":26,"skipped":0,"pct":92.85},"branches":{"total":14,"covered":11,"skipped":0,"pct":78.57}}
,"/home/ezedikeevan/Desktop/blockchain/quay/apps/api/src/services/circuit-breaker.ts": {"lines":{"total":35,"covered":34,"skipped":0,"pct":97.14},"functions":{"total":12,"covered":10,"skipped":0,"pct":83.33},"statements":{"total":38,"covered":36,"skipped":0,"pct":94.73},"branches":{"total":13,"covered":13,"skipped":0,"pct":100}}
,"/home/ezedikeevan/Desktop/blockchain/quay/apps/api/src/services/container.ts": {"lines":{"total":102,"covered":0,"skipped":0,"pct":0},"functions":{"total":20,"covered":0,"skipped":0,"pct":0},"statements":{"total":107,"covered":0,"skipped":0,"pct":0},"branches":{"total":54,"covered":0,"skipped":0,"pct":0}}
,"/home/ezedikeevan/Desktop/blockchain/quay/apps/api/src/services/horizon-signers.ts": {"lines":{"total":12,"covered":0,"skipped":0,"pct":0},"functions":{"total":3,"covered":0,"skipped":0,"pct":0},"statements":{"total":14,"covered":0,"skipped":0,"pct":0},"branches":{"total":8,"covered":0,"skipped":0,"pct":0}}
,"/home/ezedikeevan/Desktop/blockchain/quay/apps/api/src/services/ids.ts": {"lines":{"total":9,"covered":6,"skipped":0,"pct":66.66},"functions":{"total":4,"covered":3,"skipped":0,"pct":75},"statements":{"total":10,"covered":7,"skipped":0,"pct":70},"branches":{"total":0,"covered":0,"skipped":0,"pct":100}}
,"/home/ezedikeevan/Desktop/blockchain/quay/apps/api/src/services/link-service.ts": {"lines":{"total":257,"covered":230,"skipped":0,"pct":89.49},"functions":{"total":30,"covered":27,"skipped":0,"pct":90},"statements":{"total":281,"covered":241,"skipped":0,"pct":85.76},"branches":{"total":139,"covered":94,"skipped":0,"pct":67.62}}
,"/home/ezedikeevan/Desktop/blockchain/quay/apps/api/src/services/session.ts": {"lines":{"total":12,"covered":11,"skipped":0,"pct":91.66},"functions":{"total":3,"covered":3,"skipped":0,"pct":100},"statements":{"total":12,"covered":11,"skipped":0,"pct":91.66},"branches":{"total":7,"covered":6,"skipped":0,"pct":85.71}}
,"/home/ezedikeevan/Desktop/blockchain/quay/apps/api/src/services/webhook-sender.ts": {"lines":{"total":33,"covered":32,"skipped":0,"pct":96.96},"functions":{"total":8,"covered":7,"skipped":0,"pct":87.5},"statements":{"total":38,"covered":37,"skipped":0,"pct":97.36},"branches":{"total":17,"covered":16,"skipped":0,"pct":94.11}}
,"/home/ezedikeevan/Desktop/blockchain/quay/apps/api/src/worker/watcher-loop.ts": {"lines":{"total":163,"covered":143,"skipped":0,"pct":87.73},"functions":{"total":33,"covered":22,"skipped":0,"pct":66.66},"statements":{"total":182,"covered":152,"skipped":0,"pct":83.51},"branches":{"total":82,"covered":63,"skipped":0,"pct":76.82}}
}
