{"total": {"lines":{"total":238,"covered":190,"skipped":0,"pct":79.83},"statements":{"total":277,"covered":217,"skipped":0,"pct":78.33},"functions":{"total":62,"covered":53,"skipped":0,"pct":85.48},"branches":{"total":226,"covered":157,"skipped":0,"pct":69.46},"branchesTrue":{"total":0,"covered":0,"skipped":0,"pct":"Unknown"}}
,"/home/ezedikeevan/Desktop/blockchain/quay/packages/stellar/src/asset.ts": {"lines":{"total":5,"covered":0,"skipped":0,"pct":0},"functions":{"total":2,"covered":0,"skipped":0,"pct":0},"statements":{"total":6,"covered":0,"skipped":0,"pct":0},"branches":{"total":4,"covered":0,"skipped":0,"pct":0}}
,"/home/ezedikeevan/Desktop/blockchain/quay/packages/stellar/src/horizon-client.ts": {"lines":{"total":3,"covered":2,"skipped":0,"pct":66.66},"functions":{"total":2,"covered":1,"skipped":0,"pct":50},"statements":{"total":3,"covered":2,"skipped":0,"pct":66.66},"branches":{"total":2,"covered":2,"skipped":0,"pct":100}}
,"/home/ezedikeevan/Desktop/blockchain/quay/packages/stellar/src/horizon-retry.ts": {"lines":{"total":26,"covered":23,"skipped":0,"pct":88.46},"functions":{"total":6,"covered":6,"skipped":0,"pct":100},"statements":{"total":35,"covered":30,"skipped":0,"pct":85.71},"branches":{"total":29,"covered":23,"skipped":0,"pct":79.31}}
,"/home/ezedikeevan/Desktop/blockchain/quay/packages/stellar/src/horizon-watcher.ts": {"lines":{"total":55,"covered":51,"skipped":0,"pct":92.72},"functions":{"total":13,"covered":13,"skipped":0,"pct":100},"statements":{"total":59,"covered":55,"skipped":0,"pct":93.22},"branches":{"total":45,"covered":40,"skipped":0,"pct":88.88}}
,"/home/ezedikeevan/Desktop/blockchain/quay/packages/stellar/src/normalize.ts": {"lines":{"total":12,"covered":12,"skipped":0,"pct":100},"functions":{"total":4,"covered":4,"skipped":0,"pct":100},"statements":{"total":14,"covered":14,"skipped":0,"pct":100},"branches":{"total":27,"covered":20,"skipped":0,"pct":74.07}}
,"/home/ezedikeevan/Desktop/blockchain/quay/packages/stellar/src/preflight.ts": {"lines":{"total":13,"covered":12,"skipped":0,"pct":92.3},"functions":{"total":2,"covered":2,"skipped":0,"pct":100},"statements":{"total":16,"covered":15,"skipped":0,"pct":93.75},"branches":{"total":16,"covered":13,"skipped":0,"pct":81.25}}
,"/home/ezedikeevan/Desktop/blockchain/quay/packages/stellar/src/stellar-rail.ts": {"lines":{"total":36,"covered":11,"skipped":0,"pct":30.55},"functions":{"total":7,"covered":3,"skipped":0,"pct":42.85},"statements":{"total":39,"covered":11,"skipped":0,"pct":28.2},"branches":{"total":30,"covered":10,"skipped":0,"pct":33.33}}
,"/home/ezedikeevan/Desktop/blockchain/quay/packages/stellar/src/streaming-horizon-watcher.ts": {"lines":{"total":74,"covered":67,"skipped":0,"pct":90.54},"functions":{"total":21,"covered":19,"skipped":0,"pct":90.47},"statements":{"total":86,"covered":73,"skipped":0,"pct":84.88},"branches":{"total":55,"covered":33,"skipped":0,"pct":60}}
,"/home/ezedikeevan/Desktop/blockchain/quay/packages/stellar/src/trustline-check.ts": {"lines":{"total":10,"covered":8,"skipped":0,"pct":80},"functions":{"total":4,"covered":4,"skipped":0,"pct":100},"statements":{"total":14,"covered":12,"skipped":0,"pct":85.71},"branches":{"total":16,"covered":14,"skipped":0,"pct":87.5}}
,"/home/ezedikeevan/Desktop/blockchain/quay/packages/stellar/src/trustline-uri.ts": {"lines":{"total":4,"covered":4,"skipped":0,"pct":100},"functions":{"total":1,"covered":1,"skipped":0,"pct":100},"statements":{"total":5,"covered":5,"skipped":0,"pct":100},"branches":{"total":2,"covered":2,"skipped":0,"pct":100}}
}
